0 info it worked if it ends with ok
1 verbose cli [ '/usr/bin/nodejs',
1 verbose cli   '/usr/bin/npm',
1 verbose cli   'install',
1 verbose cli   '-g',
1 verbose cli   'ionic',
1 verbose cli   'to',
1 verbose cli   'ionic',
1 verbose cli   'to',
1 verbose cli   'update' ]
2 info using npm@1.4.21
3 info using node@v4.4.3
4 verbose cache add [ 'ionic', null ]
5 verbose cache add name=undefined spec="ionic" args=["ionic",null]
6 verbose parsed url Url {
6 verbose parsed url   protocol: null,
6 verbose parsed url   slashes: null,
6 verbose parsed url   auth: null,
6 verbose parsed url   host: null,
6 verbose parsed url   port: null,
6 verbose parsed url   hostname: null,
6 verbose parsed url   hash: null,
6 verbose parsed url   search: null,
6 verbose parsed url   query: null,
6 verbose parsed url   pathname: 'ionic',
6 verbose parsed url   path: 'ionic',
6 verbose parsed url   href: 'ionic' }
7 verbose cache add [ 'to', null ]
8 verbose cache add name=undefined spec="to" args=["to",null]
9 verbose parsed url Url {
9 verbose parsed url   protocol: null,
9 verbose parsed url   slashes: null,
9 verbose parsed url   auth: null,
9 verbose parsed url   host: null,
9 verbose parsed url   port: null,
9 verbose parsed url   hostname: null,
9 verbose parsed url   hash: null,
9 verbose parsed url   search: null,
9 verbose parsed url   query: null,
9 verbose parsed url   pathname: 'to',
9 verbose parsed url   path: 'to',
9 verbose parsed url   href: 'to' }
10 verbose cache add [ 'ionic', null ]
11 verbose cache add name=undefined spec="ionic" args=["ionic",null]
12 verbose parsed url Url {
12 verbose parsed url   protocol: null,
12 verbose parsed url   slashes: null,
12 verbose parsed url   auth: null,
12 verbose parsed url   host: null,
12 verbose parsed url   port: null,
12 verbose parsed url   hostname: null,
12 verbose parsed url   hash: null,
12 verbose parsed url   search: null,
12 verbose parsed url   query: null,
12 verbose parsed url   pathname: 'ionic',
12 verbose parsed url   path: 'ionic',
12 verbose parsed url   href: 'ionic' }
13 verbose cache add [ 'to', null ]
14 verbose cache add name=undefined spec="to" args=["to",null]
15 verbose parsed url Url {
15 verbose parsed url   protocol: null,
15 verbose parsed url   slashes: null,
15 verbose parsed url   auth: null,
15 verbose parsed url   host: null,
15 verbose parsed url   port: null,
15 verbose parsed url   hostname: null,
15 verbose parsed url   hash: null,
15 verbose parsed url   search: null,
15 verbose parsed url   query: null,
15 verbose parsed url   pathname: 'to',
15 verbose parsed url   path: 'to',
15 verbose parsed url   href: 'to' }
16 verbose cache add [ 'update', null ]
17 verbose cache add name=undefined spec="update" args=["update",null]
18 verbose parsed url Url {
18 verbose parsed url   protocol: null,
18 verbose parsed url   slashes: null,
18 verbose parsed url   auth: null,
18 verbose parsed url   host: null,
18 verbose parsed url   port: null,
18 verbose parsed url   hostname: null,
18 verbose parsed url   hash: null,
18 verbose parsed url   search: null,
18 verbose parsed url   query: null,
18 verbose parsed url   pathname: 'update',
18 verbose parsed url   path: 'update',
18 verbose parsed url   href: 'update' }
19 silly lockFile 00d10074-ionic ionic
20 verbose lock ionic /home/yessica/.npm/00d10074-ionic.lock
21 silly lockFile 4374aaee-to to
22 verbose lock to /home/yessica/.npm/4374aaee-to.lock
23 silly lockFile 00d10074-ionic ionic
24 verbose lock ionic /home/yessica/.npm/00d10074-ionic.lock
25 silly lockFile 4374aaee-to to
26 verbose lock to /home/yessica/.npm/4374aaee-to.lock
27 silly lockFile 0a25ba59-update update
28 verbose lock update /home/yessica/.npm/0a25ba59-update.lock
29 silly lockFile 00d10074-ionic ionic
30 silly lockFile 00d10074-ionic ionic
31 silly lockFile 4374aaee-to to
32 silly lockFile 4374aaee-to to
33 verbose addNamed [ 'ionic', '' ]
34 verbose addNamed [ null, '*' ]
35 silly lockFile 966fc04a-ionic ionic@
36 verbose lock ionic@ /home/yessica/.npm/966fc04a-ionic.lock
37 silly lockFile 0a25ba59-update update
38 silly lockFile 0a25ba59-update update
39 verbose addNamed [ 'to', '' ]
40 verbose addNamed [ null, '*' ]
41 silly lockFile d4731923-to to@
42 verbose lock to@ /home/yessica/.npm/d4731923-to.lock
43 verbose addNamed [ 'update', '' ]
44 verbose addNamed [ null, '*' ]
45 silly lockFile f8258749-update update@
46 verbose lock update@ /home/yessica/.npm/f8258749-update.lock
47 silly addNameRange { name: 'ionic', range: '*', hasData: false }
48 silly addNameRange { name: 'to', range: '*', hasData: false }
49 silly addNameRange { name: 'update', range: '*', hasData: false }
50 verbose request where is /to
51 verbose request registry https://registry.npmjs.org/
52 verbose request id b030f18c0d367020
53 verbose url raw /to
54 verbose url resolving [ 'https://registry.npmjs.org/', './to' ]
55 verbose url resolved https://registry.npmjs.org/to
56 verbose request where is https://registry.npmjs.org/to
57 info trying registry request attempt 1 at 9:01:25
58 http GET https://registry.npmjs.org/to
59 verbose request where is /update
60 verbose request registry https://registry.npmjs.org/
61 verbose url raw /update
62 verbose url resolving [ 'https://registry.npmjs.org/', './update' ]
63 verbose url resolved https://registry.npmjs.org/update
64 verbose request where is https://registry.npmjs.org/update
65 info trying registry request attempt 1 at 9:01:25
66 http GET https://registry.npmjs.org/update
67 silly lockFile 00d10074-ionic ionic
68 silly lockFile 00d10074-ionic ionic
69 silly lockFile 4374aaee-to to
70 silly lockFile 4374aaee-to to
71 verbose addNamed [ 'ionic', '' ]
72 verbose addNamed [ 'to', '' ]
73 verbose request where is /ionic
74 verbose request registry https://registry.npmjs.org/
75 verbose url raw /ionic
76 verbose url resolving [ 'https://registry.npmjs.org/', './ionic' ]
77 verbose url resolved https://registry.npmjs.org/ionic
78 verbose request where is https://registry.npmjs.org/ionic
79 info trying registry request attempt 1 at 9:01:25
80 verbose etag "4C8AE8JQMRVYX27TVIVOFDGHT"
81 http GET https://registry.npmjs.org/ionic
82 http 200 https://registry.npmjs.org/to
83 silly registry.get cb [ 200,
83 silly registry.get   { server: 'CouchDB/1.6.1 (Erlang OTP/R16B03)',
83 silly registry.get     etag: '"C0CKNCOJZFPGGLNP1OSQMTNDW"',
83 silly registry.get     'content-type': 'application/json',
83 silly registry.get     'content-encoding': 'gzip',
83 silly registry.get     'cache-control': 'max-age=300',
83 silly registry.get     'content-length': '4456',
83 silly registry.get     'accept-ranges': 'bytes',
83 silly registry.get     date: 'Mon, 29 Aug 2016 14:01:27 GMT',
83 silly registry.get     via: '1.1 varnish',
83 silly registry.get     age: '0',
83 silly registry.get     connection: 'close',
83 silly registry.get     'x-served-by': 'cache-atl6244-ATL',
83 silly registry.get     'x-cache': 'MISS',
83 silly registry.get     'x-cache-hits': '0',
83 silly registry.get     'x-timer': 'S1472479286.798579,VS0,VE224',
83 silly registry.get     vary: 'Accept-Encoding' } ]
84 silly addNameRange number 2 { name: 'to', range: '*', hasData: true }
85 silly addNameRange versions [ 'to',
85 silly addNameRange   [ '0.0.1',
85 silly addNameRange     '0.0.2',
85 silly addNameRange     '0.0.3',
85 silly addNameRange     '0.1.0',
85 silly addNameRange     '0.1.1',
85 silly addNameRange     '0.1.2',
85 silly addNameRange     '0.2.0',
85 silly addNameRange     '0.2.1',
85 silly addNameRange     '0.2.2',
85 silly addNameRange     '0.2.3',
85 silly addNameRange     '0.2.4',
85 silly addNameRange     '0.2.5',
85 silly addNameRange     '0.2.6',
85 silly addNameRange     '0.2.7',
85 silly addNameRange     '0.2.8',
85 silly addNameRange     '0.2.9' ] ]
86 verbose addNamed [ 'to', '0.2.9' ]
87 verbose addNamed [ '0.2.9', '0.2.9' ]
88 silly lockFile 2515bbf0-to-0-2-9 to@0.2.9
89 verbose lock to@0.2.9 /home/yessica/.npm/2515bbf0-to-0-2-9.lock
90 silly lockFile a65d4fc2-gistry-npmjs-org-to-to-0-2-9-tgz https://registry.npmjs.org/to/-/to-0.2.9.tgz
91 verbose lock https://registry.npmjs.org/to/-/to-0.2.9.tgz /home/yessica/.npm/a65d4fc2-gistry-npmjs-org-to-to-0-2-9-tgz.lock
92 verbose addRemoteTarball [ 'https://registry.npmjs.org/to/-/to-0.2.9.tgz',
92 verbose addRemoteTarball   '0ba5a56fe53538db9205ceb6d7ed217aae4635c4' ]
93 info retry fetch attempt 1 at 9:01:27
94 verbose fetch to= /tmp/npm-4692--xNx66Y3/registry.npmjs.org/to/-/to-0.2.9.tgz
95 http GET https://registry.npmjs.org/to/-/to-0.2.9.tgz
96 http 200 https://registry.npmjs.org/update
97 silly registry.get cb [ 200,
97 silly registry.get   { server: 'CouchDB/1.6.1 (Erlang OTP/R16B03)',
97 silly registry.get     etag: '"2VKVU4IKJ0YPAGHMO1KOB34M7"',
97 silly registry.get     'content-type': 'application/json',
97 silly registry.get     'content-encoding': 'gzip',
97 silly registry.get     'cache-control': 'max-age=300',
97 silly registry.get     'content-length': '15889',
97 silly registry.get     'accept-ranges': 'bytes',
97 silly registry.get     date: 'Mon, 29 Aug 2016 14:01:27 GMT',
97 silly registry.get     via: '1.1 varnish',
97 silly registry.get     age: '0',
97 silly registry.get     connection: 'close',
97 silly registry.get     'x-served-by': 'cache-atl6224-ATL',
97 silly registry.get     'x-cache': 'MISS',
97 silly registry.get     'x-cache-hits': '0',
97 silly registry.get     'x-timer': 'S1472479287.139602,VS0,VE280',
97 silly registry.get     vary: 'Accept-Encoding' } ]
98 silly addNameRange number 2 { name: 'update', range: '*', hasData: true }
99 silly addNameRange versions [ 'update',
99 silly addNameRange   [ '0.1.0',
99 silly addNameRange     '0.2.0',
99 silly addNameRange     '0.3.0-beta',
99 silly addNameRange     '0.3.1-beta',
99 silly addNameRange     '0.3.2-beta',
99 silly addNameRange     '0.3.3-beta',
99 silly addNameRange     '0.3.3',
99 silly addNameRange     '0.3.5',
99 silly addNameRange     '0.3.6',
99 silly addNameRange     '0.4.0',
99 silly addNameRange     '0.4.1',
99 silly addNameRange     '0.4.2',
99 silly addNameRange     '0.5.0',
99 silly addNameRange     '0.5.1',
99 silly addNameRange     '0.5.2',
99 silly addNameRange     '0.5.3',
99 silly addNameRange     '0.5.4',
99 silly addNameRange     '0.5.5',
99 silly addNameRange     '0.6.0',
99 silly addNameRange     '0.6.1',
99 silly addNameRange     '0.6.2',
99 silly addNameRange     '0.7.0',
99 silly addNameRange     '0.7.1',
99 silly addNameRange     '0.7.2',
99 silly addNameRange     '0.7.3' ] ]
100 verbose addNamed [ 'update', '0.7.3' ]
101 verbose addNamed [ '0.7.3', '0.7.3' ]
102 silly lockFile 24cb9c29-update-0-7-3 update@0.7.3
103 verbose lock update@0.7.3 /home/yessica/.npm/24cb9c29-update-0-7-3.lock
104 silly lockFile 81be0e4e-pmjs-org-update-update-0-7-3-tgz https://registry.npmjs.org/update/-/update-0.7.3.tgz
105 verbose lock https://registry.npmjs.org/update/-/update-0.7.3.tgz /home/yessica/.npm/81be0e4e-pmjs-org-update-update-0-7-3-tgz.lock
106 verbose addRemoteTarball [ 'https://registry.npmjs.org/update/-/update-0.7.3.tgz',
106 verbose addRemoteTarball   'f90c73cc4fa112025931a816662829ef2514bfc2' ]
107 info retry fetch attempt 1 at 9:01:28
108 verbose fetch to= /tmp/npm-4692--xNx66Y3/registry.npmjs.org/update/-/update-0.7.3.tgz
109 http GET https://registry.npmjs.org/update/-/update-0.7.3.tgz
110 http 200 https://registry.npmjs.org/update/-/update-0.7.3.tgz
111 silly lockFile 81be0e4e-pmjs-org-update-update-0-7-3-tgz https://registry.npmjs.org/update/-/update-0.7.3.tgz
112 silly lockFile 81be0e4e-pmjs-org-update-update-0-7-3-tgz https://registry.npmjs.org/update/-/update-0.7.3.tgz
113 silly lockFile 24cb9c29-update-0-7-3 update@0.7.3
114 silly lockFile 24cb9c29-update-0-7-3 update@0.7.3
115 silly lockFile f8258749-update update@
116 silly lockFile f8258749-update update@
117 http 200 https://registry.npmjs.org/ionic
118 silly registry.get cb [ 200,
118 silly registry.get   { server: 'CouchDB/1.5.0 (Erlang OTP/R16B03)',
118 silly registry.get     etag: '"2R8VZT8O7VQ2XT8WP5Z44F6CR"',
118 silly registry.get     'content-type': 'application/json',
118 silly registry.get     'content-encoding': 'gzip',
118 silly registry.get     'cache-control': 'max-age=300',
118 silly registry.get     'content-length': '65572',
118 silly registry.get     'accept-ranges': 'bytes',
118 silly registry.get     date: 'Mon, 29 Aug 2016 14:01:27 GMT',
118 silly registry.get     via: '1.1 varnish',
118 silly registry.get     age: '115',
118 silly registry.get     connection: 'close',
118 silly registry.get     'x-served-by': 'cache-atl6220-ATL',
118 silly registry.get     'x-cache': 'HIT',
118 silly registry.get     'x-cache-hits': '1',
118 silly registry.get     'x-timer': 'S1472479287.383923,VS0,VE0',
118 silly registry.get     vary: 'Accept-Encoding' } ]
119 silly addNameRange number 2 { name: 'ionic', range: '*', hasData: true }
120 silly addNameRange versions [ 'ionic',
120 silly addNameRange   [ '0.9.6',
120 silly addNameRange     '0.9.8',
120 silly addNameRange     '0.9.9',
120 silly addNameRange     '0.9.10',
120 silly addNameRange     '0.9.11',
120 silly addNameRange     '0.9.12',
120 silly addNameRange     '0.9.13',
120 silly addNameRange     '0.9.14',
120 silly addNameRange     '0.9.15',
120 silly addNameRange     '0.9.16',
120 silly addNameRange     '1.0.0-beta.1',
120 silly addNameRange     '1.0.0-beta',
120 silly addNameRange     '1.0.1-beta',
120 silly addNameRange     '1.0.3-beta',
120 silly addNameRange     '1.0.4',
120 silly addNameRange     '1.0.5',
120 silly addNameRange     '1.0.6',
120 silly addNameRange     '1.0.7',
120 silly addNameRange     '1.0.8',
120 silly addNameRange     '1.0.9',
120 silly addNameRange     '1.0.10',
120 silly addNameRange     '1.0.11',
120 silly addNameRange     '1.0.12',
120 silly addNameRange     '1.0.13',
120 silly addNameRange     '1.0.14',
120 silly addNameRange     '1.0.15',
120 silly addNameRange     '1.0.16',
120 silly addNameRange     '1.0.17',
120 silly addNameRange     '1.1.0-beta1',
120 silly addNameRange     '1.1.0-beta2',
120 silly addNameRange     '1.1.0-beta3',
120 silly addNameRange     '1.1.0-beta4',
120 silly addNameRange     '1.1.0-beta5',
120 silly addNameRange     '1.1.0-beta6',
120 silly addNameRange     '1.1.0',
120 silly addNameRange     '1.1.1-beta1',
120 silly addNameRange     '1.1.1-beta2',
120 silly addNameRange     '1.1.1-beta3',
120 silly addNameRange     '1.1.1',
120 silly addNameRange     '1.1.3',
120 silly addNameRange     '1.1.4',
120 silly addNameRange     '1.1.5-beta1',
120 silly addNameRange     '1.1.5-beta2',
120 silly addNameRange     '1.1.5-beta3',
120 silly addNameRange     '1.1.5-beta4',
120 silly addNameRange     '1.1.5-beta5',
120 silly addNameRange     '1.1.5',
120 silly addNameRange     '1.1.6',
120 silly addNameRange     '1.1.7-beta1',
120 silly addNameRange     '1.1.7',
120 silly addNameRange     '1.1.8-beta1',
120 silly addNameRange     '1.1.8-beta2',
120 silly addNameRange     '1.1.8-beta3',
120 silly addNameRange     '1.1.8-beta4',
120 silly addNameRange     '1.1.8-beta5',
120 silly addNameRange     '1.1.8',
120 silly addNameRange     '1.1.9-beta1',
120 silly addNameRange     '1.1.9',
120 silly addNameRange     '1.1.10',
120 silly addNameRange     '1.1.11-beta1',
120 silly addNameRange     '1.1.11-beta2',
120 silly addNameRange     '1.1.11',
120 silly addNameRange     '1.1.12-beta1',
120 silly addNameRange     '1.1.12-beta2',
120 silly addNameRange     '1.1.12-beta3',
120 silly addNameRange     '1.1.12',
120 silly addNameRange     '1.1.13',
120 silly addNameRange     '1.1.14-beta1',
120 silly addNameRange     '1.1.14-beta2',
120 silly addNameRange     '1.1.14-beta3',
120 silly addNameRange     '1.2.0-beta1',
120 silly addNameRange     '1.2.0',
120 silly addNameRange     '1.2.1-beta1',
120 silly addNameRange     '1.2.1-beta2',
120 silly addNameRange     '1.2.1-beta3',
120 silly addNameRange     '1.2.1-beta4',
120 silly addNameRange     '1.2.1',
120 silly addNameRange     '1.2.2',
120 silly addNameRange     '1.2.3-beta1',
120 silly addNameRange     '1.2.3-beta2',
120 silly addNameRange     '1.2.3-beta3',
120 silly addNameRange     '1.2.3',
120 silly addNameRange     '1.2.4-beta1',
120 silly addNameRange     '1.2.4-beta2',
120 silly addNameRange     '1.2.4-beta3',
120 silly addNameRange     '1.2.4',
120 silly addNameRange     '1.2.5-beta1',
120 silly addNameRange     '1.2.5-beta2',
120 silly addNameRange     '1.2.5-beta3',
120 silly addNameRange     '1.2.5',
120 silly addNameRange     '1.2.6-beta1',
120 silly addNameRange     '1.2.6-beta2',
120 silly addNameRange     '1.2.6-beta3',
120 silly addNameRange     '1.2.6',
120 silly addNameRange     '1.2.7',
120 silly addNameRange     '1.2.8-beta1',
120 silly addNameRange     '1.2.8-beta2',
120 silly addNameRange     '1.2.8',
120 silly addNameRange     '1.2.9',
120 silly addNameRange     '1.2.10',
120 silly addNameRange     '1.2.11',
120 silly addNameRange     '1.2.12',
120 silly addNameRange     '1.2.13',
120 silly addNameRange     '1.2.14-beta1',
120 silly addNameRange     '1.2.14-beta2',
120 silly addNameRange     '1.2.14-beta3',
120 silly addNameRange     '1.2.14-beta4',
120 silly addNameRange     '1.2.14-beta5',
120 silly addNameRange     '1.2.14-beta6',
120 silly addNameRange     '1.2.14',
120 silly addNameRange     '1.3.0-beta1',
120 silly addNameRange     '1.3.0',
120 silly addNameRange     '1.3.1',
120 silly addNameRange     '1.3.2',
120 silly addNameRange     '1.3.3',
120 silly addNameRange     '1.3.4',
120 silly addNameRange     '1.3.5',
120 silly addNameRange     '1.3.6',
120 silly addNameRange     '1.3.7',
120 silly addNameRange     '1.3.8',
120 silly addNameRange     '1.3.9',
120 silly addNameRange     '1.3.10',
120 silly addNameRange     '1.4.0-alpha.1',
120 silly addNameRange     '1.3.11',
120 silly addNameRange     '1.3.1-1.alpha.0',
120 silly addNameRange     '1.4.0-alpha.2',
120 silly addNameRange     '1.3.12',
120 silly addNameRange     '1.3.12-beta.1',
120 silly addNameRange     '1.3.12-beta.2',
120 silly addNameRange     '1.3.13-beta.0',
120 silly addNameRange     '1.3.1-3.beta.1',
120 silly addNameRange     '1.3.1-3.beta.2',
120 silly addNameRange     '1.3.13',
120 silly addNameRange     '1.3.1-3.beta.4',
120 silly addNameRange     '1.3.14-beta',
120 silly addNameRange     '1.3.14-beta.1',
120 silly addNameRange     '1.4.0-alpha.3',
120 silly addNameRange     '1.3.14',
120 silly addNameRange     '1.4.0-alpha.4',
120 silly addNameRange     '1.4.0-alpha.5',
120 silly addNameRange     '1.3.15-beta.0',
120 silly addNameRange     '1.3.15-beta.1',
120 silly addNameRange     '1.3.15-beta.2',
120 silly addNameRange     '1.3.15-beta.3',
120 silly addNameRange     '1.3.15-beta.4',
120 silly addNameRange     '1.3.15',
120 silly addNameRange     '1.3.16',
120 silly addNameRange     '1.4.0-alpha.6',
120 silly addNameRange     '1.3.17-beta.0',
120 silly addNameRange     '1.3.17-beta.1',
120 silly addNameRange     '1.3.17-beta.2',
120 silly addNameRange     '1.3.17-beta.3',
120 silly addNameRange     '1.3.1-7.beta.4',
120 silly addNameRange     '1.3.17',
120 silly addNameRange     '1.3.18-beta.0',
120 silly addNameRange     '1.3.18-beta.1',
120 silly addNameRange     '1.3.18-beta.2',
120 silly addNameRange     '1.3.18-beta.3',
120 silly addNameRange     '1.3.18',
120 silly addNameRange     '1.3.19-beta.0',
120 silly addNameRange     '1.3.19-beta.1',
120 silly addNameRange     '1.3.19-beta.2',
120 silly addNameRange     '1.3.19-beta.3',
120 silly addNameRange     '1.3.19-beta.4',
120 silly addNameRange     '1.3.19',
120 silly addNameRange     '1.3.20',
120 silly addNameRange     '1.4.1-beta.0',
120 silly addNameRange     '1.4.0-beta.1',
120 silly addNameRange     '1.4.0-beta.2',
120 silly addNameRange     '1.4.0-beta.3',
120 silly addNameRange     '1.4.0-beta.5',
120 silly addNameRange     '1.4.0-beta.6',
120 silly addNameRange     '1.4.0-beta.7',
120 silly addNameRange     '1.3.21-beta.0',
120 silly addNameRange     '1.3.21-beta.1',
120 silly addNameRange     '1.3.21',
120 silly addNameRange     '1.3.22',
120 silly addNameRange     '1.4.0-beta.8',
120 silly addNameRange     '1.4.0-beta.9',
120 silly addNameRange     '1.4.0-beta.10',
120 silly addNameRange     '1.4.0-beta.11',
120 silly addNameRange     '1.4.0-beta.12',
120 silly addNameRange     '1.4.0-beta.13',
120 silly addNameRange     '1.4.0-beta.14',
120 silly addNameRange     '1.4.0-beta.15',
120 silly addNameRange     '1.4.0-beta.16',
120 silly addNameRange     '1.4.0-beta.17',
120 silly addNameRange     '1.4.0-beta.18',
120 silly addNameRange     '1.4.0',
120 silly addNameRange     '1.4.1',
120 silly addNameRange     '1.4.2',
120 silly addNameRange     '1.4.3',
120 silly addNameRange     '1.4.4-beta.0',
120 silly addNameRange     '1.4.4-beta.2',
120 silly addNameRange     '1.4.4',
120 silly addNameRange     '1.4.5-beta.0',
120 silly addNameRange     '1.4.5-beta.1',
120 silly addNameRange     '1.4.5-beta.2',
120 silly addNameRange     '1.4.5-beta.3',
120 silly addNameRange     '1.4.5',
120 silly addNameRange     '1.4.6-beta.0',
120 silly addNameRange     '1.4.6',
120 silly addNameRange     '1.4.7',
120 silly addNameRange     '1.4.8',
120 silly addNameRange     '1.5.0-beta.0',
120 silly addNameRange     '1.5.0-beta.1',
120 silly addNameRange     '1.5.0',
120 silly addNameRange     '1.5.1-beta.0',
120 silly addNameRange     '1.5.1-beta.1',
120 silly addNameRange     '1.5.1-beta.2',
120 silly addNameRange     '1.5.1-beta.3',
120 silly addNameRange     '1.5.1-beta.4',
120 silly addNameRange     '1.5.1',
120 silly addNameRange     '1.5.2',
120 silly addNameRange     '1.5.3',
120 silly addNameRange     '1.5.4',
120 silly addNameRange     '1.5.5',
120 silly addNameRange     '1.6.0-beta.1',
120 silly addNameRange     '1.6.0',
120 silly addNameRange     '1.6.1',
120 silly addNameRange     '1.6.2-beta.0',
120 silly addNameRange     '1.6.2-beta.1',
120 silly addNameRange     '1.6.2-beta.2',
120 silly addNameRange     '1.6.2',
120 silly addNameRange     '1.6.3-beta.0',
120 silly addNameRange     '1.6.3-beta.1',
120 silly addNameRange     '1.6.3',
120 silly addNameRange     '1.6.4-beta.0',
120 silly addNameRange     '1.6.4-beta.1',
120 silly addNameRange     '1.6.4',
120 silly addNameRange     '1.7.0-beta.0',
120 silly addNameRange     '1.7.0-beta.1',
120 silly addNameRange     '1.7.0-beta.2',
120 silly addNameRange     '1.7.0-beta.3',
120 silly addNameRange     '2.0.0-alpha.1',
120 silly addNameRange     '2.0.0-alpha.3',
120 silly addNameRange     '1.7.0-beta.4',
120 silly addNameRange     '1.6.5-testing.0',
120 silly addNameRange     '1.6.5-testing.1',
120 silly addNameRange     '1.6.5-testing.2',
120 silly addNameRange     '1.6.5-testing.3',
120 silly addNameRange     '1.6.5',
120 silly addNameRange     '2.0.0-alpha.4',
120 silly addNameRange     '1.7.0-beta.5',
120 silly addNameRange     '1.7.0-beta.6',
120 silly addNameRange     '1.7.0',
120 silly addNameRange     '2.0.0-alpha.5',
120 silly addNameRange     '2.0.0-alpha.6',
120 silly addNameRange     '1.7.1',
120 silly addNameRange     '2.0.0-alpha.7',
120 silly addNameRange     '2.0.0-alpha.8',
120 silly addNameRange     '1.7.2',
120 silly addNameRange     '1.7.3',
120 silly addNameRange     '1.7.4',
120 silly addNameRange     '1.7.5',
120 silly addNameRange     '1.7.6',
120 silly addNameRange     '1.7.7-beta.0',
120 silly addNameRange     '2.0.0-alpha.9',
120 silly addNameRange     '1.7.7',
120 silly addNameRange     '2.0.0-alpha.10',
120 silly addNameRange     '2.0.0-alpha.11',
120 silly addNameRange     '2.0.0-alpha.12',
120 silly addNameRange     '2.0.0-alpha.13',
120 silly addNameRange     '2.0.0-alpha.14',
120 silly addNameRange     '2.0.0-alpha.15',
120 silly addNameRange     '2.0.0-alpha.16',
120 silly addNameRange     '2.0.0-alpha.17',
120 silly addNameRange     '2.0.0-alpha.18',
120 silly addNameRange     '1.7.8-beta.0',
120 silly addNameRange     '1.7.8-beta.1',
120 silly addNameRange     '1.7.8-beta.2',
120 silly addNameRange     '1.7.8-beta.3',
120 silly addNameRange     '1.7.8',
120 silly addNameRange     '2.0.0-alpha.19',
120 silly addNameRange     '2.0.0-alpha.20',
120 silly addNameRange     '2.0.0-alpha.21',
120 silly addNameRange     '2.0.0-alpha.22',
120 silly addNameRange     '2.0.0-alpha.23',
120 silly addNameRange     '1.7.9',
120 silly addNameRange     '1.7.10',
120 silly addNameRange     '2.0.0-alpha.24',
120 silly addNameRange     '2.0.0-alpha.25',
120 silly addNameRange     '2.0.0-beta.1',
120 silly addNameRange     '1.7.11',
120 silly addNameRange     '2.0.0-beta.2',
120 silly addNameRange     '2.0.0-beta.3',
120 silly addNameRange     '2.0.0-beta.4',
120 silly addNameRange     '2.0.0-beta.5',
120 silly addNameRange     '2.0.0-beta.6',
120 silly addNameRange     '2.0.0-beta.7',
120 silly addNameRange     '2.0.0-beta.8',
120 silly addNameRange     '2.0.0-beta.9',
120 silly addNameRange     '2.0.0-beta.10',
120 silly addNameRange     '2.0.0-beta.11',
120 silly addNameRange     '1.7.12',
120 silly addNameRange     '2.0.0-beta.12',
120 silly addNameRange     '2.0.0-beta.13',
120 silly addNameRange     '2.0.0-beta.14',
120 silly addNameRange     '2.0.0-beta.15',
120 silly addNameRange     '2.0.0-beta.16',
120 silly addNameRange     '2.0.0-beta.17',
120 silly addNameRange     '1.7.13',
120 silly addNameRange     '1.7.14',
120 silly addNameRange     '2.0.0-beta.18',
120 silly addNameRange     '2.0.0-beta.19',
120 silly addNameRange     '2.0.0-beta.20',
120 silly addNameRange     '2.0.0-beta.21',
120 silly addNameRange     '2.0.0-beta.22',
120 silly addNameRange     '2.0.0-beta.23',
120 silly addNameRange     '2.0.0-beta.24',
120 silly addNameRange     '2.0.0-beta.25',
120 silly addNameRange     '1.7.15-beta.0',
120 silly addNameRange     '1.7.15-beta.1',
120 silly addNameRange     '1.7.15-beta.2',
120 silly addNameRange     '1.7.15-beta.3',
120 silly addNameRange     '1.7.15',
120 silly addNameRange     '2.0.0-beta.26',
120 silly addNameRange     '2.0.0-beta.27',
120 silly addNameRange     '2.0.0-beta.28',
120 silly addNameRange     '2.0.0-beta.29',
120 silly addNameRange     '2.0.0-beta.30',
120 silly addNameRange     '2.0.0-beta.31',
120 silly addNameRange     '1.7.16',
120 silly addNameRange     '2.0.0-beta.32',
120 silly addNameRange     '2.0.0-beta.33',
120 silly addNameRange     '2.0.0-beta.34',
120 silly addNameRange     '2.0.0-beta.35',
120 silly addNameRange     '2.0.0-beta.36',
120 silly addNameRange     '2.0.0-beta.37',
120 silly addNameRange     '2.0.0' ] ]
121 verbose addNamed [ 'ionic', '2.0.0' ]
122 verbose addNamed [ '2.0.0', '2.0.0' ]
123 silly lockFile 4e8bcdb7-ionic-2-0-0 ionic@2.0.0
124 verbose lock ionic@2.0.0 /home/yessica/.npm/4e8bcdb7-ionic-2-0-0.lock
125 silly lockFile 4e8bcdb7-ionic-2-0-0 ionic@2.0.0
126 silly lockFile 4e8bcdb7-ionic-2-0-0 ionic@2.0.0
127 silly lockFile 966fc04a-ionic ionic@
128 silly lockFile 966fc04a-ionic ionic@
129 http 200 https://registry.npmjs.org/to/-/to-0.2.9.tgz
130 silly lockFile a65d4fc2-gistry-npmjs-org-to-to-0-2-9-tgz https://registry.npmjs.org/to/-/to-0.2.9.tgz
131 silly lockFile a65d4fc2-gistry-npmjs-org-to-to-0-2-9-tgz https://registry.npmjs.org/to/-/to-0.2.9.tgz
132 silly lockFile 2515bbf0-to-0-2-9 to@0.2.9
133 silly lockFile 2515bbf0-to-0-2-9 to@0.2.9
134 silly lockFile d4731923-to to@
135 silly lockFile d4731923-to to@
136 silly resolved [ { name: 'update',
136 silly resolved     description: 'Be scalable! Update is a new, open source developer framework and CLI for automating updates of any kind in code projects.',
136 silly resolved     version: '0.7.3',
136 silly resolved     homepage: 'https://github.com/update/update',
136 silly resolved     author:
136 silly resolved      { name: 'Jon Schlinkert',
136 silly resolved        url: 'https://github.com/jonschlinkert' },
136 silly resolved     repository: { type: 'git', url: 'git+https://github.com/update/update.git' },
136 silly resolved     bugs: { url: 'https://github.com/update/update/issues' },
136 silly resolved     license: 'MIT',
136 silly resolved     files: [ 'bin', 'index.js', 'lib', 'LICENSE', 'README.md' ],
136 silly resolved     main: 'index.js',
136 silly resolved     preferGlobal: true,
136 silly resolved     bin: { update: 'bin/update.js' },
136 silly resolved     engines: { node: '>=5.0' },
136 silly resolved     scripts: { test: 'mocha' },
136 silly resolved     dependencies:
136 silly resolved      { 'arr-union': '^3.1.0',
136 silly resolved        'assemble-core': '^0.25.0',
136 silly resolved        'assemble-loader': '^0.6.1',
136 silly resolved        'base-cli-process': '^0.1.18',
136 silly resolved        'base-config-process': '^0.1.9',
136 silly resolved        'base-generators': '^0.4.5',
136 silly resolved        'base-questions': '^0.7.3',
136 silly resolved        'base-runtimes': '^0.2.0',
136 silly resolved        'base-store': '^0.4.4',
136 silly resolved        'common-config': '^0.1.0',
136 silly resolved        'data-store': '^0.16.1',
136 silly resolved        'export-files': '^2.1.1',
136 silly resolved        'extend-shallow': '^2.0.1',
136 silly resolved        'find-pkg': '^0.1.2',
136 silly resolved        'fs-exists-sync': '^0.1.0',
136 silly resolved        'global-modules': '^0.2.2',
136 silly resolved        'gulp-choose-files': '^0.1.3',
136 silly resolved        'is-valid-app': '^0.2.0',
136 silly resolved        isobject: '^2.1.0',
136 silly resolved        'lazy-cache': '^2.0.1',
136 silly resolved        'log-utils': '^0.2.1',
136 silly resolved        'parser-front-matter': '^1.4.1',
136 silly resolved        'resolve-dir': '^0.1.0',
136 silly resolved        'resolve-file': '^0.2.0',
136 silly resolved        'set-blocking': '^2.0.0',
136 silly resolved        'strip-color': '^0.1.0',
136 silly resolved        'text-table': '^0.2.0',
136 silly resolved        through2: '^2.0.1',
136 silly resolved        'yargs-parser': '^2.4.1' },
136 silly resolved     devDependencies:
136 silly resolved      { 'base-runner': '^0.8.2',
136 silly resolved        'base-test-runner': '^0.2.0',
136 silly resolved        'base-test-suite': '^0.1.12',
136 silly resolved        'cross-spawn': '^4.0.0',
136 silly resolved        'generate-foo': '^0.1.5',
136 silly resolved        'graceful-fs': '^4.1.4',
136 silly resolved        gulp: '^3.9.1',
136 silly resolved        'gulp-eslint': '^3.0.1',
136 silly resolved        'gulp-format-md': '^0.1.9',
136 silly resolved        'gulp-istanbul': '^1.0.0',
136 silly resolved        'gulp-mocha': '^2.2.0',
136 silly resolved        'gulp-unused': '^0.1.2',
136 silly resolved        'helper-changelog': '^0.3.0',
136 silly resolved        'is-absolute': '^0.2.5',
136 silly resolved        'load-pkg': '^3.0.1',
136 silly resolved        mocha: '^2.5.3',
136 silly resolved        'npm-install-global': '^0.1.2',
136 silly resolved        resolve: '^1.1.7',
136 silly resolved        should: '^9.0.2',
136 silly resolved        sinon: '^1.17.4',
136 silly resolved        'updater-example': '^0.1.2' },
136 silly resolved     keywords:
136 silly resolved      [ 'convention',
136 silly resolved        'dev',
136 silly resolved        'develop',
136 silly resolved        'fix',
136 silly resolved        'lint',
136 silly resolved        'maintain',
136 silly resolved        'manage',
136 silly resolved        'standard',
136 silly resolved        'tools',
136 silly resolved        'up-to-date',
136 silly resolved        'update' ],
136 silly resolved     update: { run: true, add: [Object] },
136 silly resolved     verb:
136 silly resolved      { run: true,
136 silly resolved        toc: true,
136 silly resolved        layout: 'common-minimal',
136 silly resolved        tasks: [Object],
136 silly resolved        plugins: [Object],
136 silly resolved        helpers: [Object],
136 silly resolved        related: [Object],
136 silly resolved        reflinks: [Object],
136 silly resolved        lint: [Object] },
136 silly resolved     gitHead: 'f6b03b765c3de86e2d4b27d864a112e2b13c710f',
136 silly resolved     _id: 'update@0.7.3',
136 silly resolved     _shasum: 'f90c73cc4fa112025931a816662829ef2514bfc2',
136 silly resolved     _from: 'update@',
136 silly resolved     _npmVersion: '3.10.3',
136 silly resolved     _nodeVersion: '6.3.0',
136 silly resolved     _npmUser: { name: 'jonschlinkert', email: 'github@sellside.com' },
136 silly resolved     maintainers: [ [Object] ],
136 silly resolved     dist:
136 silly resolved      { shasum: 'f90c73cc4fa112025931a816662829ef2514bfc2',
136 silly resolved        tarball: 'https://registry.npmjs.org/update/-/update-0.7.3.tgz' },
136 silly resolved     _npmOperationalInternal:
136 silly resolved      { host: 'packages-12-west.internal.npmjs.com',
136 silly resolved        tmp: 'tmp/update-0.7.3.tgz_1469144371407_0.7818606644868851' },
136 silly resolved     directories: {},
136 silly resolved     _resolved: 'https://registry.npmjs.org/update/-/update-0.7.3.tgz' },
136 silly resolved   { name: 'ionic',
136 silly resolved     version: '2.0.0',
136 silly resolved     preferGlobal: true,
136 silly resolved     description: 'A tool for creating and developing Ionic Framework mobile apps.',
136 silly resolved     homepage: 'http://ionicframework.com/',
136 silly resolved     bin: { ionic: 'bin/ionic' },
136 silly resolved     scripts:
136 silly resolved      { changelog: 'conventional-changelog -i CHANGELOG.md -s -p angular',
136 silly resolved        'gh-release': 'node scripts/release',
136 silly resolved        coveralls: 'istanbul cover node_modules/jasmine-node/bin/jasmine-node --captureExceptions spec/ && cat coverage/lcov.info | node_modules/coveralls/bin/coveralls.js && rm -rf coverage',
136 silly resolved        e2e: 'jasmine-node --captureExceptions ./e2e',
136 silly resolved        jasmine: 'jasmine-node --captureExceptions  ./spec',
136 silly resolved        lint: 'eslint .',
136 silly resolved        test: 'istanbul cover node_modules/jasmine-node/bin/jasmine-node --captureExceptions spec/' },
136 silly resolved     keywords:
136 silly resolved      [ 'ionic',
136 silly resolved        'ionic framework',
136 silly resolved        'ionicframework',
136 silly resolved        'mobile',
136 silly resolved        'app',
136 silly resolved        'hybrid',
136 silly resolved        'cordova',
136 silly resolved        'native',
136 silly resolved        'phonegap' ],
136 silly resolved     repository:
136 silly resolved      { type: 'git',
136 silly resolved        url: 'git+https://github.com/driftyco/ionic-cli.git' },
136 silly resolved     contributors: [ [Object], [Object], [Object], [Object], [Object], [Object] ],
136 silly resolved     license: 'MIT',
136 silly resolved     dependencies:
136 silly resolved      { 'cli-table': '0.3.1',
136 silly resolved        colors: '0.6.2',
136 silly resolved        'expand-tilde': '1.2.0',
136 silly resolved        'form-data': '0.1.4',
136 silly resolved        gulp: '3.8.8',
136 silly resolved        'gulp-util': '3.0.7',
136 silly resolved        inquirer: '0.11.2',
136 silly resolved        'ionic-app-lib': '2.0.0',
136 silly resolved        moment: '2.11.1',
136 silly resolved        open: '0.0.5',
136 silly resolved        optimist: '0.6.0',
136 silly resolved        'pretty-hrtime': '1.0.2',
136 silly resolved        progress: '1.1.7',
136 silly resolved        prompt: '0.2.12',
136 silly resolved        q: '1.0.1',
136 silly resolved        request: '2.51.0',
136 silly resolved        semver: '4.3.6',
136 silly resolved        'serve-static': '1.7.1',
136 silly resolved        shelljs: '0.2.6',
136 silly resolved        underscore: '1.7.0',
136 silly resolved        unzip: '0.1.9' },
136 silly resolved     devDependencies:
136 silly resolved      { 'conventional-changelog-cli': '1.1.1',
136 silly resolved        coveralls: '^2.2.0',
136 silly resolved        eslint: '^3.0.1',
136 silly resolved        github: '0.2.4',
136 silly resolved        istanbul: '^0.4.4',
136 silly resolved        'jasmine-node': '1.14.5',
136 silly resolved        'mock-require': '1.3.0',
136 silly resolved        rewire: '2.5.1' },
136 silly resolved     gitHead: '9185bb5828b2ecd85edd4dbce9ab165a6288641e',
136 silly resolved     bugs: { url: 'https://github.com/driftyco/ionic-cli/issues' },
136 silly resolved     bundleDependencies:
136 silly resolved      [ 'cli-table',
136 silly resolved        'colors',
136 silly resolved        'expand-tilde',
136 silly resolved        'form-data',
136 silly resolved        'gulp',
136 silly resolved        'gulp-util',
136 silly resolved        'inquirer',
136 silly resolved        'ionic-app-lib',
136 silly resolved        'moment',
136 silly resolved        'open',
136 silly resolved        'optimist',
136 silly resolved        'pretty-hrtime',
136 silly resolved        'progress',
136 silly resolved        'prompt',
136 silly resolved        'q',
136 silly resolved        'request',
136 silly resolved        'semver',
136 silly resolved        'serve-static',
136 silly resolved        'shelljs',
136 silly resolved        'underscore',
136 silly resolved        'unzip' ],
136 silly resolved     _id: 'ionic@2.0.0',
136 silly resolved     _shasum: '8135804e1f2470292100dedadc571e99023e4f7c',
136 silly resolved     _from: 'ionic@',
136 silly resolved     _npmVersion: '2.15.0',
136 silly resolved     _nodeVersion: '4.4.2',
136 silly resolved     _npmUser: { name: 'jthoms1', email: 'jthoms1@gmail.com' },
136 silly resolved     dist:
136 silly resolved      { shasum: '8135804e1f2470292100dedadc571e99023e4f7c',
136 silly resolved        tarball: 'https://registry.npmjs.org/ionic/-/ionic-2.0.0.tgz' },
136 silly resolved     maintainers: [ [Object], [Object], [Object], [Object], [Object], [Object] ],
136 silly resolved     _npmOperationalInternal:
136 silly resolved      { host: 'packages-12-west.internal.npmjs.com',
136 silly resolved        tmp: 'tmp/ionic-2.0.0.tgz_1471268623406_0.1434044949710369' },
136 silly resolved     directories: {},
136 silly resolved     _resolved: 'https://registry.npmjs.org/ionic/-/ionic-2.0.0.tgz',
136 silly resolved     readme: 'ERROR: No README data found!' },
136 silly resolved   { name: 'ionic',
136 silly resolved     version: '2.0.0',
136 silly resolved     preferGlobal: true,
136 silly resolved     description: 'A tool for creating and developing Ionic Framework mobile apps.',
136 silly resolved     homepage: 'http://ionicframework.com/',
136 silly resolved     bin: { ionic: 'bin/ionic' },
136 silly resolved     scripts:
136 silly resolved      { changelog: 'conventional-changelog -i CHANGELOG.md -s -p angular',
136 silly resolved        'gh-release': 'node scripts/release',
136 silly resolved        coveralls: 'istanbul cover node_modules/jasmine-node/bin/jasmine-node --captureExceptions spec/ && cat coverage/lcov.info | node_modules/coveralls/bin/coveralls.js && rm -rf coverage',
136 silly resolved        e2e: 'jasmine-node --captureExceptions ./e2e',
136 silly resolved        jasmine: 'jasmine-node --captureExceptions  ./spec',
136 silly resolved        lint: 'eslint .',
136 silly resolved        test: 'istanbul cover node_modules/jasmine-node/bin/jasmine-node --captureExceptions spec/' },
136 silly resolved     keywords:
136 silly resolved      [ 'ionic',
136 silly resolved        'ionic framework',
136 silly resolved        'ionicframework',
136 silly resolved        'mobile',
136 silly resolved        'app',
136 silly resolved        'hybrid',
136 silly resolved        'cordova',
136 silly resolved        'native',
136 silly resolved        'phonegap' ],
136 silly resolved     repository:
136 silly resolved      { type: 'git',
136 silly resolved        url: 'git+https://github.com/driftyco/ionic-cli.git' },
136 silly resolved     contributors: [ [Object], [Object], [Object], [Object], [Object], [Object] ],
136 silly resolved     license: 'MIT',
136 silly resolved     dependencies:
136 silly resolved      { 'cli-table': '0.3.1',
136 silly resolved        colors: '0.6.2',
136 silly resolved        'expand-tilde': '1.2.0',
136 silly resolved        'form-data': '0.1.4',
136 silly resolved        gulp: '3.8.8',
136 silly resolved        'gulp-util': '3.0.7',
136 silly resolved        inquirer: '0.11.2',
136 silly resolved        'ionic-app-lib': '2.0.0',
136 silly resolved        moment: '2.11.1',
136 silly resolved        open: '0.0.5',
136 silly resolved        optimist: '0.6.0',
136 silly resolved        'pretty-hrtime': '1.0.2',
136 silly resolved        progress: '1.1.7',
136 silly resolved        prompt: '0.2.12',
136 silly resolved        q: '1.0.1',
136 silly resolved        request: '2.51.0',
136 silly resolved        semver: '4.3.6',
136 silly resolved        'serve-static': '1.7.1',
136 silly resolved        shelljs: '0.2.6',
136 silly resolved        underscore: '1.7.0',
136 silly resolved        unzip: '0.1.9' },
136 silly resolved     devDependencies:
136 silly resolved      { 'conventional-changelog-cli': '1.1.1',
136 silly resolved        coveralls: '^2.2.0',
136 silly resolved        eslint: '^3.0.1',
136 silly resolved        github: '0.2.4',
136 silly resolved        istanbul: '^0.4.4',
136 silly resolved        'jasmine-node': '1.14.5',
136 silly resolved        'mock-require': '1.3.0',
136 silly resolved        rewire: '2.5.1' },
136 silly resolved     gitHead: '9185bb5828b2ecd85edd4dbce9ab165a6288641e',
136 silly resolved     bugs: { url: 'https://github.com/driftyco/ionic-cli/issues' },
136 silly resolved     bundleDependencies:
136 silly resolved      [ 'cli-table',
136 silly resolved        'colors',
136 silly resolved        'expand-tilde',
136 silly resolved        'form-data',
136 silly resolved        'gulp',
136 silly resolved        'gulp-util',
136 silly resolved        'inquirer',
136 silly resolved        'ionic-app-lib',
136 silly resolved        'moment',
136 silly resolved        'open',
136 silly resolved        'optimist',
136 silly resolved        'pretty-hrtime',
136 silly resolved        'progress',
136 silly resolved        'prompt',
136 silly resolved        'q',
136 silly resolved        'request',
136 silly resolved        'semver',
136 silly resolved        'serve-static',
136 silly resolved        'shelljs',
136 silly resolved        'underscore',
136 silly resolved        'unzip' ],
136 silly resolved     _id: 'ionic@2.0.0',
136 silly resolved     _shasum: '8135804e1f2470292100dedadc571e99023e4f7c',
136 silly resolved     _from: 'ionic@',
136 silly resolved     _npmVersion: '2.15.0',
136 silly resolved     _nodeVersion: '4.4.2',
136 silly resolved     _npmUser: { name: 'jthoms1', email: 'jthoms1@gmail.com' },
136 silly resolved     dist:
136 silly resolved      { shasum: '8135804e1f2470292100dedadc571e99023e4f7c',
136 silly resolved        tarball: 'https://registry.npmjs.org/ionic/-/ionic-2.0.0.tgz' },
136 silly resolved     maintainers: [ [Object], [Object], [Object], [Object], [Object], [Object] ],
136 silly resolved     _npmOperationalInternal:
136 silly resolved      { host: 'packages-12-west.internal.npmjs.com',
136 silly resolved        tmp: 'tmp/ionic-2.0.0.tgz_1471268623406_0.1434044949710369' },
136 silly resolved     directories: {},
136 silly resolved     _resolved: 'https://registry.npmjs.org/ionic/-/ionic-2.0.0.tgz',
136 silly resolved     readme: 'ERROR: No README data found!' },
136 silly resolved   { name: 'to',
136 silly resolved     description: 'load/convert between xml,json,yaml formats',
136 silly resolved     homepage: 'https://github.com/openmason/to',
136 silly resolved     version: '0.2.9',
136 silly resolved     author: { name: 'el aras', email: 'openmason@gmail.com' },
136 silly resolved     dependencies:
136 silly resolved      { handy: '>= 0.0.11',
136 silly resolved        underscore: '>= 1.4.0',
136 silly resolved        'js-yaml': '>= 1.0.2',
136 silly resolved        htmlparser: '>= 1.7.6',
136 silly resolved        optimist: '>= 0.3.5' },
136 silly resolved     devDependencies: { mocha: '>= 1.6.0', should: '>= 1.2.0' },
136 silly resolved     keywords: [ 'converter', 'convertor', 'json', 'xml', 'yaml' ],
136 silly resolved     repository: { type: 'git', url: 'git://github.com/openmason/to' },
136 silly resolved     main: 'index',
136 silly resolved     scripts: { prepublish: 'npm prune', test: 'make test' },
136 silly resolved     engines: { node: '>= 0.8.0' },
136 silly resolved     readme: '[![build status](https://secure.travis-ci.org/openmason/to.png)](http://travis-ci.org/openmason/to)\n\n# to.js\ncollection of convertors.\nComes with command line options to use the convertors along with a library version that can be used within programs as well.\n\n# Solves\n  * read input formats json, xml, yaml \n  * converts the document to internal javascript object form\n  * write output as json, yaml documents\n  * only input xml is handled (no output xml yet)\n\n## Installation\n\n    $ npm install -g to\n    $ npm install to\n\n## Usage\n\nCommand line:\n\n     # reads xml file and prints it in yml\n     $ to -i examples/sample.xml -o .yaml\n     \n     # reads yaml and prints it in json\n     $ to -i examples/sample.yml -o .json\n\nWithin your program:\n\n    var to = require(\'to\');\n    \n    # Load yaml\n    var yamldoc = to.format.yaml.load(\'config.yaml\');\n    \n    # print doc in yaml \n    var doc = ...;\n    console.log(to.format.yaml.stringify(doc));\n\n * refer to examples directory for xml, json, yaml code\n\n## Example\nFor a sample input xml:\n\n    <?xml version="1.0" encoding="UTF-8" ?>\n    <!DOCTYPE log4j:configuration SYSTEM "log4j.dtd">    \n    <dummy>\n    <value>15</value>\n    <value>35</value>\n    <value>5</value>\n    <value>4784</value>\n    <value>one more</value>\n    <h>decent</h>\n    <h>list</h>\n    <h>another</h>\n    <object>value</object>\n    <inner>\n      <h1>value</h1>\n      <li>got</li>\n      <li>milk</li>\n    </inner>\n   </dummy>\n\nOutput in json:\n\n    {\n      "dummy": {\n        "value": [\n          "15",\n          "35",\n          "5",\n          "4784",\n          "one more"\n        ],\n        "h": [\n          "decent",\n          "list",\n          "another"\n        ],\n        "object": "value",\n        "inner": {\n          "h1": "value",\n          "li": [\n            "got",\n            "milk"\n          ]\n        }\n      }\n    }\n    \n    # to try this example\n    $ to -i examples/sample1.xml -o .json\n\nOutput in yaml:\n\n    dummy: \n      value: \n        - 15\n        - 35\n        - 5\n        - 4784\n        - "one more"\n      h: \n        - decent\n        - list\n        - another\n      object: value\n      inner: \n        h1: value\n        li: \n          - got\n          - milk\n\n    # to try this example\n    $ to -i examples/sample1.xml -o .yaml\n\n## Todo\n * Input html (be forgiving with bad html)\n * Input markdown \n * Output xml\n * Output html\n * add unit tests\n * allow beautification params for all outputs \n\n## Test cases\nTo execute full test cases\n\n    $ make\n\n',
136 silly resolved     _id: 'to@0.2.9',
136 silly resolved     dist:
136 silly resolved      { shasum: '0ba5a56fe53538db9205ceb6d7ed217aae4635c4',
136 silly resolved        tarball: 'https://registry.npmjs.org/to/-/to-0.2.9.tgz' },
136 silly resolved     maintainers: [ [Object], [Object] ],
136 silly resolved     directories: {},
136 silly resolved     _shasum: '0ba5a56fe53538db9205ceb6d7ed217aae4635c4',
136 silly resolved     _from: 'to@',
136 silly resolved     _resolved: 'https://registry.npmjs.org/to/-/to-0.2.9.tgz' },
136 silly resolved   { name: 'to',
136 silly resolved     description: 'load/convert between xml,json,yaml formats',
136 silly resolved     homepage: 'https://github.com/openmason/to',
136 silly resolved     version: '0.2.9',
136 silly resolved     author: { name: 'el aras', email: 'openmason@gmail.com' },
136 silly resolved     dependencies:
136 silly resolved      { handy: '>= 0.0.11',
136 silly resolved        underscore: '>= 1.4.0',
136 silly resolved        'js-yaml': '>= 1.0.2',
136 silly resolved        htmlparser: '>= 1.7.6',
136 silly resolved        optimist: '>= 0.3.5' },
136 silly resolved     devDependencies: { mocha: '>= 1.6.0', should: '>= 1.2.0' },
136 silly resolved     keywords: [ 'converter', 'convertor', 'json', 'xml', 'yaml' ],
136 silly resolved     repository: { type: 'git', url: 'git://github.com/openmason/to' },
136 silly resolved     main: 'index',
136 silly resolved     scripts: { prepublish: 'npm prune', test: 'make test' },
136 silly resolved     engines: { node: '>= 0.8.0' },
136 silly resolved     readme: '[![build status](https://secure.travis-ci.org/openmason/to.png)](http://travis-ci.org/openmason/to)\n\n# to.js\ncollection of convertors.\nComes with command line options to use the convertors along with a library version that can be used within programs as well.\n\n# Solves\n  * read input formats json, xml, yaml \n  * converts the document to internal javascript object form\n  * write output as json, yaml documents\n  * only input xml is handled (no output xml yet)\n\n## Installation\n\n    $ npm install -g to\n    $ npm install to\n\n## Usage\n\nCommand line:\n\n     # reads xml file and prints it in yml\n     $ to -i examples/sample.xml -o .yaml\n     \n     # reads yaml and prints it in json\n     $ to -i examples/sample.yml -o .json\n\nWithin your program:\n\n    var to = require(\'to\');\n    \n    # Load yaml\n    var yamldoc = to.format.yaml.load(\'config.yaml\');\n    \n    # print doc in yaml \n    var doc = ...;\n    console.log(to.format.yaml.stringify(doc));\n\n * refer to examples directory for xml, json, yaml code\n\n## Example\nFor a sample input xml:\n\n    <?xml version="1.0" encoding="UTF-8" ?>\n    <!DOCTYPE log4j:configuration SYSTEM "log4j.dtd">    \n    <dummy>\n    <value>15</value>\n    <value>35</value>\n    <value>5</value>\n    <value>4784</value>\n    <value>one more</value>\n    <h>decent</h>\n    <h>list</h>\n    <h>another</h>\n    <object>value</object>\n    <inner>\n      <h1>value</h1>\n      <li>got</li>\n      <li>milk</li>\n    </inner>\n   </dummy>\n\nOutput in json:\n\n    {\n      "dummy": {\n        "value": [\n          "15",\n          "35",\n          "5",\n          "4784",\n          "one more"\n        ],\n        "h": [\n          "decent",\n          "list",\n          "another"\n        ],\n        "object": "value",\n        "inner": {\n          "h1": "value",\n          "li": [\n            "got",\n            "milk"\n          ]\n        }\n      }\n    }\n    \n    # to try this example\n    $ to -i examples/sample1.xml -o .json\n\nOutput in yaml:\n\n    dummy: \n      value: \n        - 15\n        - 35\n        - 5\n        - 4784\n        - "one more"\n      h: \n        - decent\n        - list\n        - another\n      object: value\n      inner: \n        h1: value\n        li: \n          - got\n          - milk\n\n    # to try this example\n    $ to -i examples/sample1.xml -o .yaml\n\n## Todo\n * Input html (be forgiving with bad html)\n * Input markdown \n * Output xml\n * Output html\n * add unit tests\n * allow beautification params for all outputs \n\n## Test cases\nTo execute full test cases\n\n    $ make\n\n',
136 silly resolved     _id: 'to@0.2.9',
136 silly resolved     dist:
136 silly resolved      { shasum: '0ba5a56fe53538db9205ceb6d7ed217aae4635c4',
136 silly resolved        tarball: 'https://registry.npmjs.org/to/-/to-0.2.9.tgz' },
136 silly resolved     maintainers: [ [Object], [Object] ],
136 silly resolved     directories: {},
136 silly resolved     _shasum: '0ba5a56fe53538db9205ceb6d7ed217aae4635c4',
136 silly resolved     _from: 'to@',
136 silly resolved     _resolved: 'https://registry.npmjs.org/to/-/to-0.2.9.tgz' } ]
137 info install update@0.7.3 into /usr/local/lib
138 info install ionic@2.0.0 into /usr/local/lib
139 info install ionic@2.0.0 into /usr/local/lib
140 info install to@0.2.9 into /usr/local/lib
141 info install to@0.2.9 into /usr/local/lib
142 info installOne update@0.7.3
143 warn engine update@0.7.3: wanted: {"node":">=5.0"} (current: {"node":"4.4.3","npm":"1.4.21"})
144 info installOne ionic@2.0.0
145 info installOne ionic@2.0.0
146 info installOne to@0.2.9
147 info installOne to@0.2.9
148 verbose lib/node_modules/ionic unbuild
149 verbose lib/node_modules/update unbuild
150 verbose lib/node_modules/to unbuild
151 info preuninstall ionic@1.7.16
152 info uninstall ionic@1.7.16
153 verbose tar unpack /home/yessica/.npm/update/0.7.3/package.tgz
154 silly lockFile 3dadf09e-sr-local-lib-node-modules-update tar:///usr/local/lib/node_modules/update
155 verbose lock tar:///usr/local/lib/node_modules/update /home/yessica/.npm/3dadf09e-sr-local-lib-node-modules-update.lock
156 silly lockFile 95061df7-ica-npm-update-0-7-3-package-tgz tar:///home/yessica/.npm/update/0.7.3/package.tgz
157 verbose lock tar:///home/yessica/.npm/update/0.7.3/package.tgz /home/yessica/.npm/95061df7-ica-npm-update-0-7-3-package-tgz.lock
158 verbose tar unpack /home/yessica/.npm/to/0.2.9/package.tgz
159 silly lockFile 75643bb7-ar-usr-local-lib-node-modules-to tar:///usr/local/lib/node_modules/to
160 verbose lock tar:///usr/local/lib/node_modules/to /home/yessica/.npm/75643bb7-ar-usr-local-lib-node-modules-to.lock
161 silly lockFile 881fcd31-yessica-npm-to-0-2-9-package-tgz tar:///home/yessica/.npm/to/0.2.9/package.tgz
162 verbose lock tar:///home/yessica/.npm/to/0.2.9/package.tgz /home/yessica/.npm/881fcd31-yessica-npm-to-0-2-9-package-tgz.lock
163 verbose true,/usr/local/lib/node_modules,/usr/local/lib/node_modules unbuild ionic@1.7.16
164 verbose /usr/local/bin,[object Object] binRoot
165 verbose lib/node_modules/ionic unbuild
166 info preuninstall ionic@1.7.16
167 info uninstall ionic@1.7.16
168 verbose true,/usr/local/lib/node_modules,/usr/local/lib/node_modules unbuild ionic@1.7.16
169 verbose /usr/local/bin,[object Object] binRoot
170 error error rolling back Error: EACCES: permission denied, unlink '/usr/local/bin/ionic'
170 error error rolling back     at Error (native)
170 error error rolling back  ionic@2.0.0 { [Error: EACCES: permission denied, unlink '/usr/local/bin/ionic']
170 error error rolling back   errno: -13,
170 error error rolling back   code: 'EACCES',
170 error error rolling back   syscall: 'unlink',
170 error error rolling back   path: '/usr/local/bin/ionic' }
171 error Error: EACCES: permission denied, unlink '/usr/local/bin/ionic'
171 error     at Error (native)
171 error  { [Error: EACCES: permission denied, unlink '/usr/local/bin/ionic']
171 error   errno: -13,
171 error   code: 'EACCES',
171 error   syscall: 'unlink',
171 error   path: '/usr/local/bin/ionic' }
172 error Please try running this command again as root/Administrator.
173 error System Linux 4.4.0-2-deepin-amd64
174 error command "/usr/bin/nodejs" "/usr/bin/npm" "install" "-g" "ionic" "to" "ionic" "to" "update"
175 error cwd /home/yessica/Documentos/Repositorio/ionic-gps
176 error node -v v4.4.3
177 error npm -v 1.4.21
178 error path /usr/local/bin/ionic
179 error syscall unlink
180 error code EACCES
181 error errno -13
182 error stack Error: EACCES: permission denied, unlink '/usr/local/bin/ionic'
182 error stack     at Error (native)
183 verbose exit [ -13, true ]
